<?xml version="1.0" encoding="UTF-8"?>
<testng-results skipped="0" failed="0" ignored="0" total="1" passed="1">
  <reporter-output>
  </reporter-output>
  <suite name="Surefire suite" duration-ms="15" started-at="2019-01-29T15:59:49Z" finished-at="2019-01-29T15:59:49Z">
    <groups>
    </groups>
    <test name="Surefire test" duration-ms="15" started-at="2019-01-29T15:59:49Z" finished-at="2019-01-29T15:59:49Z">
      <class name="com.selenium.practice.ActitimeAutomation.AppTest">
        <test-method status="PASS" signature="testApp()[pri:0, instance:testApp(com.selenium.practice.ActitimeAutomation.AppTest)]" name="testApp" duration-ms="2" started-at="2019-01-29T15:59:49Z" finished-at="2019-01-29T15:59:49Z">
          <reporter-output>
          </reporter-output>
        </test-method> <!-- testApp -->
      </class> <!-- com.selenium.practice.ActitimeAutomation.AppTest -->
    </test> <!-- Surefire test -->
  </suite> <!-- Surefire suite -->
</testng-results>
